<?xml version="1.0" encoding="UTF-8"?>
<!-- Generated by org.testng.reporters.JUnitXMLReporter -->
<testsuite ignored="0" hostname="DESKTOP-M614CP1" failures="1" tests="1" name="Default test" time="11.593" errors="0" timestamp="2025-11-28T16:06:12 IST">
  <testcase classname="io.cucumber.testng.AbstractTestNGCucumberTests" name="runScenario" time="10.399">
    <failure type="java.lang.AssertionError" message="expected [My Account] but found [Account Login]">
      <![CDATA[java.lang.AssertionError: expected [My Account] but found [Account Login]
at org.testng.Assert.fail(Assert.java:111)
at org.testng.Assert.failNotEquals(Assert.java:1590)
at org.testng.Assert.assertEqualsImpl(Assert.java:150)
at org.testng.Assert.assertEquals(Assert.java:132)
at org.testng.Assert.assertEquals(Assert.java:656)
at org.testng.Assert.assertEquals(Assert.java:666)
at stepdefinitionpenta.TC_LF_001.user_should_be_in_homepage(TC_LF_001.java:48)
at ✽.user should be in homepage(file:///C:/Users/ASUS/Documents/workspace-spring-tools-for-eclipse-4.32.2.RELEASE/pentalife/featurespenta/02_login.feature:8)
]]>
    </failure>
  </testcase> <!-- runScenario -->
</testsuite> <!-- Default test -->
