<?xml version="1.0" encoding="UTF-8"?>
<testng-results ignored="0" total="1" passed="0" failed="1" skipped="0">
  <reporter-output>
  </reporter-output>
  <suite started-at="2025-11-28T16:06:00 IST" name="Default suite" finished-at="2025-11-28T16:06:12 IST" duration-ms="11593">
    <groups>
      <group name="cucumber">
        <method signature="AbstractTestNGCucumberTests.runScenario(io.cucumber.testng.PickleWrapper,io.cucumber.testng.FeatureWrapper)[pri:0, instance:runnerpenta.runnerfiles@65e98b1c]" name="runScenario" class="io.cucumber.testng.AbstractTestNGCucumberTests"/>
      </group> <!-- cucumber -->
    </groups>
    <test started-at="2025-11-28T16:06:00 IST" name="Default test" finished-at="2025-11-28T16:06:12 IST" duration-ms="11593">
      <class name="runnerpenta.runnerfiles">
        <test-method is-config="true" signature="setUpClass(org.testng.ITestContext)[pri:0, instance:runnerpenta.runnerfiles@65e98b1c]" started-at="2025-11-28T16:06:00 IST" name="setUpClass" finished-at="2025-11-28T16:06:01 IST" duration-ms="1070" status="PASS">
          <params>
            <param index="0">
              <value>
                <![CDATA[org.testng.TestRunner@58a2b4c]]>
              </value>
            </param>
          </params>
          <reporter-output>
          </reporter-output>
        </test-method> <!-- setUpClass -->
        <test-method signature="runScenario(io.cucumber.testng.PickleWrapper,io.cucumber.testng.FeatureWrapper)[pri:0, instance:runnerpenta.runnerfiles@65e98b1c]" started-at="2025-11-28T16:06:01 IST" name="runScenario" description="Runs Cucumber Scenarios" data-provider="scenarios" finished-at="2025-11-28T16:06:12 IST" duration-ms="10399" status="FAIL">
          <params>
            <param index="0">
              <value>
                <![CDATA["To verify login functionality by entering valid credentials"]]>
              </value>
            </param>
            <param index="1">
              <value>
                <![CDATA["Login functionality"]]>
              </value>
            </param>
          </params>
          <exception class="java.lang.AssertionError">
            <message>
              <![CDATA[expected [My Account] but found [Account Login]]]>
            </message>
            <full-stacktrace>
              <![CDATA[java.lang.AssertionError: expected [My Account] but found [Account Login]
at org.testng.Assert.fail(Assert.java:111)
at org.testng.Assert.failNotEquals(Assert.java:1590)
at org.testng.Assert.assertEqualsImpl(Assert.java:150)
at org.testng.Assert.assertEquals(Assert.java:132)
at org.testng.Assert.assertEquals(Assert.java:656)
at org.testng.Assert.assertEquals(Assert.java:666)
at stepdefinitionpenta.TC_LF_001.user_should_be_in_homepage(TC_LF_001.java:48)
at âœ½.user should be in homepage(file:///C:/Users/ASUS/Documents/workspace-spring-tools-for-eclipse-4.32.2.RELEASE/pentalife/featurespenta/02_login.feature:8)
]]>
            </full-stacktrace>
          </exception> <!-- java.lang.AssertionError -->
          <reporter-output>
          </reporter-output>
        </test-method> <!-- runScenario -->
        <test-method is-config="true" signature="tearDownClass()[pri:0, instance:runnerpenta.runnerfiles@65e98b1c]" started-at="2025-11-28T16:06:12 IST" name="tearDownClass" finished-at="2025-11-28T16:06:12 IST" duration-ms="47" status="PASS">
          <reporter-output>
          </reporter-output>
        </test-method> <!-- tearDownClass -->
      </class> <!-- runnerpenta.runnerfiles -->
    </test> <!-- Default test -->
  </suite> <!-- Default suite -->
</testng-results>
